app/build/intermediates/manifest_merge_blame_file/release/manifest-merger-blame-release-report.txt
1<?xml version="1.0" encoding="utf-8"?>
2<manifest xmlns:android="http://schemas.android.com/apk/res/android"
3    package="com.piero.spiritguardians"
4    android:versionCode="2"
5    android:versionName="1.1" >
6
7    <uses-sdk
8        android:minSdkVersion="21"
8-->src\main\AndroidManifest.xml
9        android:targetSdkVersion="30" />
9-->src\main\AndroidManifest.xml
10
11    <uses-permission android:name="android.permission.INTERNET" />
11-->[com.google.firebase:firebase-auth:21.0.6] AndroidManifest.xml:23:5-67
11-->[com.google.firebase:firebase-auth:21.0.6] AndroidManifest.xml:23:22-64
12    <uses-permission android:name="android.permission.ACCESS_NETWORK_STATE" />
12-->[com.google.firebase:firebase-auth:21.0.6] AndroidManifest.xml:24:5-79
12-->[com.google.firebase:firebase-auth:21.0.6] AndroidManifest.xml:24:22-76
13    <uses-permission android:name="android.permission.WAKE_LOCK" />
13-->[com.google.android.gms:play-services-measurement-api:21.0.0] AndroidManifest.xml:24:5-68
13-->[com.google.android.gms:play-services-measurement-api:21.0.0] AndroidManifest.xml:24:22-65
14    <uses-permission android:name="com.google.android.gms.permission.AD_ID" />
14-->[com.google.android.gms:play-services-measurement-api:21.0.0] AndroidManifest.xml:25:5-79
14-->[com.google.android.gms:play-services-measurement-api:21.0.0] AndroidManifest.xml:25:22-76
15    <uses-permission android:name="com.google.android.finsky.permission.BIND_GET_INSTALL_REFERRER_SERVICE" />
15-->[com.google.android.gms:play-services-measurement:21.0.0] AndroidManifest.xml:26:5-110
15-->[com.google.android.gms:play-services-measurement:21.0.0] AndroidManifest.xml:26:22-107
16
17    <application
17-->src\main\AndroidManifest.xml:5:5-26:19
18        android:allowBackup="true"
18-->src\main\AndroidManifest.xml:6:9-35
19        android:appComponentFactory="androidx.core.app.CoreComponentFactory"
19-->[androidx.core:core:1.5.0] AndroidManifest.xml:24:18-86
20        android:icon="@mipmap/ic_launcher"
20-->src\main\AndroidManifest.xml:7:9-43
21        android:label="@string/app_name"
21-->src\main\AndroidManifest.xml:8:9-41
22        android:roundIcon="@mipmap/ic_launcher_round"
22-->src\main\AndroidManifest.xml:9:9-54
23        android:supportsRtl="true"
23-->src\main\AndroidManifest.xml:10:9-35
24        android:theme="@style/AppTheme" >
24-->src\main\AndroidManifest.xml:11:9-40
25        <activity android:name="com.piero.spiritguardians.LoginActivity" />
25-->src\main\AndroidManifest.xml:12:9-60
25-->src\main\AndroidManifest.xml:12:19-48
26        <activity android:name="com.piero.spiritguardians.RegisterActivity" />
26-->src\main\AndroidManifest.xml:13:9-54
26-->src\main\AndroidManifest.xml:13:19-51
27        <activity android:name="com.piero.spiritguardians.GameActivity" />
27-->src\main\AndroidManifest.xml:14:9-50
27-->src\main\AndroidManifest.xml:14:19-47
28        <activity android:name="com.piero.spiritguardians.DeckActivity" />
28-->src\main\AndroidManifest.xml:15:9-50
28-->src\main\AndroidManifest.xml:15:19-47
29        <activity android:name="com.piero.spiritguardians.CreateRoomActivity" />
29-->src\main\AndroidManifest.xml:16:9-56
29-->src\main\AndroidManifest.xml:16:19-53
30        <activity android:name="com.piero.spiritguardians.RoomsActivity" />
30-->src\main\AndroidManifest.xml:17:9-51
30-->src\main\AndroidManifest.xml:17:19-48
31        <activity android:name="com.piero.spiritguardians.StartMenu" />
31-->src\main\AndroidManifest.xml:18:9-47
31-->src\main\AndroidManifest.xml:18:19-44
32        <activity android:name="com.piero.spiritguardians.MainActivity" >
32-->src\main\AndroidManifest.xml:19:9-25:20
32-->src\main\AndroidManifest.xml:19:19-47
33            <intent-filter>
33-->src\main\AndroidManifest.xml:20:13-24:29
34                <action android:name="android.intent.action.MAIN" />
34-->src\main\AndroidManifest.xml:21:17-69
34-->src\main\AndroidManifest.xml:21:25-66
35
36                <category android:name="android.intent.category.LAUNCHER" />
36-->src\main\AndroidManifest.xml:23:17-77
36-->src\main\AndroidManifest.xml:23:27-74
37            </intent-filter>
38        </activity>
39        <activity
39-->[com.google.firebase:firebase-auth:21.0.6] AndroidManifest.xml:27:9-44:20
40            android:name="com.google.firebase.auth.internal.GenericIdpActivity"
40-->[com.google.firebase:firebase-auth:21.0.6] AndroidManifest.xml:28:13-80
41            android:excludeFromRecents="true"
41-->[com.google.firebase:firebase-auth:21.0.6] AndroidManifest.xml:29:13-46
42            android:exported="true"
42-->[com.google.firebase:firebase-auth:21.0.6] AndroidManifest.xml:30:13-36
43            android:launchMode="singleTask"
43-->[com.google.firebase:firebase-auth:21.0.6] AndroidManifest.xml:31:13-44
44            android:theme="@android:style/Theme.Translucent.NoTitleBar" >
44-->[com.google.firebase:firebase-auth:21.0.6] AndroidManifest.xml:32:13-72
45            <intent-filter>
45-->[com.google.firebase:firebase-auth:21.0.6] AndroidManifest.xml:33:13-43:29
46                <action android:name="android.intent.action.VIEW" />
46-->[com.google.firebase:firebase-auth:21.0.6] AndroidManifest.xml:34:17-69
46-->[com.google.firebase:firebase-auth:21.0.6] AndroidManifest.xml:34:25-66
47
48                <category android:name="android.intent.category.DEFAULT" />
48-->[com.google.firebase:firebase-auth:21.0.6] AndroidManifest.xml:36:17-76
48-->[com.google.firebase:firebase-auth:21.0.6] AndroidManifest.xml:36:27-73
49                <category android:name="android.intent.category.BROWSABLE" />
49-->[com.google.firebase:firebase-auth:21.0.6] AndroidManifest.xml:37:17-78
49-->[com.google.firebase:firebase-auth:21.0.6] AndroidManifest.xml:37:27-75
50
51                <data
51-->[com.google.firebase:firebase-auth:21.0.6] AndroidManifest.xml:39:17-42:51
52                    android:host="firebase.auth"
52-->[com.google.firebase:firebase-auth:21.0.6] AndroidManifest.xml:40:21-49
53                    android:path="/"
53-->[com.google.firebase:firebase-auth:21.0.6] AndroidManifest.xml:41:21-37
54                    android:scheme="genericidp" />
54-->[com.google.firebase:firebase-auth:21.0.6] AndroidManifest.xml:42:21-48
55            </intent-filter>
56        </activity>
57        <activity
57-->[com.google.firebase:firebase-auth:21.0.6] AndroidManifest.xml:45:9-62:20
58            android:name="com.google.firebase.auth.internal.RecaptchaActivity"
58-->[com.google.firebase:firebase-auth:21.0.6] AndroidManifest.xml:46:13-79
59            android:excludeFromRecents="true"
59-->[com.google.firebase:firebase-auth:21.0.6] AndroidManifest.xml:47:13-46
60            android:exported="true"
60-->[com.google.firebase:firebase-auth:21.0.6] AndroidManifest.xml:48:13-36
61            android:launchMode="singleTask"
61-->[com.google.firebase:firebase-auth:21.0.6] AndroidManifest.xml:49:13-44
62            android:theme="@android:style/Theme.Translucent.NoTitleBar" >
62-->[com.google.firebase:firebase-auth:21.0.6] AndroidManifest.xml:50:13-72
63            <intent-filter>
63-->[com.google.firebase:firebase-auth:21.0.6] AndroidManifest.xml:51:13-61:29
64                <action android:name="android.intent.action.VIEW" />
64-->[com.google.firebase:firebase-auth:21.0.6] AndroidManifest.xml:34:17-69
64-->[com.google.firebase:firebase-auth:21.0.6] AndroidManifest.xml:34:25-66
65
66                <category android:name="android.intent.category.DEFAULT" />
66-->[com.google.firebase:firebase-auth:21.0.6] AndroidManifest.xml:36:17-76
66-->[com.google.firebase:firebase-auth:21.0.6] AndroidManifest.xml:36:27-73
67                <category android:name="android.intent.category.BROWSABLE" />
67-->[com.google.firebase:firebase-auth:21.0.6] AndroidManifest.xml:37:17-78
67-->[com.google.firebase:firebase-auth:21.0.6] AndroidManifest.xml:37:27-75
68
69                <data
69-->[com.google.firebase:firebase-auth:21.0.6] AndroidManifest.xml:39:17-42:51
70                    android:host="firebase.auth"
70-->[com.google.firebase:firebase-auth:21.0.6] AndroidManifest.xml:40:21-49
71                    android:path="/"
71-->[com.google.firebase:firebase-auth:21.0.6] AndroidManifest.xml:41:21-37
72                    android:scheme="recaptcha" />
72-->[com.google.firebase:firebase-auth:21.0.6] AndroidManifest.xml:42:21-48
73            </intent-filter>
74        </activity>
75
76        <service
76-->[com.google.firebase:firebase-auth:21.0.6] AndroidManifest.xml:64:9-70:19
77            android:name="com.google.firebase.components.ComponentDiscoveryService"
77-->[com.google.firebase:firebase-auth:21.0.6] AndroidManifest.xml:65:13-84
78            android:directBootAware="true"
78-->[com.google.firebase:firebase-common:20.1.1] AndroidManifest.xml:35:13-43
79            android:exported="false" >
79-->[com.google.firebase:firebase-auth:21.0.6] AndroidManifest.xml:66:13-37
80            <meta-data
80-->[com.google.firebase:firebase-auth:21.0.6] AndroidManifest.xml:67:13-69:85
81                android:name="com.google.firebase.components:com.google.firebase.auth.FirebaseAuthRegistrar"
81-->[com.google.firebase:firebase-auth:21.0.6] AndroidManifest.xml:68:17-109
82                android:value="com.google.firebase.components.ComponentRegistrar" />
82-->[com.google.firebase:firebase-auth:21.0.6] AndroidManifest.xml:69:17-82
83            <meta-data
83-->[com.google.firebase:firebase-database:20.0.5] AndroidManifest.xml:32:13-34:85
84                android:name="com.google.firebase.components:com.google.firebase.database.DatabaseRegistrar"
84-->[com.google.firebase:firebase-database:20.0.5] AndroidManifest.xml:33:17-109
85                android:value="com.google.firebase.components.ComponentRegistrar" />
85-->[com.google.firebase:firebase-database:20.0.5] AndroidManifest.xml:34:17-82
86            <meta-data
86-->[com.google.android.gms:play-services-measurement-api:21.0.0] AndroidManifest.xml:31:13-33:85
87                android:name="com.google.firebase.components:com.google.firebase.analytics.connector.internal.AnalyticsConnectorRegistrar"
87-->[com.google.android.gms:play-services-measurement-api:21.0.0] AndroidManifest.xml:32:17-139
88                android:value="com.google.firebase.components.ComponentRegistrar" />
88-->[com.google.android.gms:play-services-measurement-api:21.0.0] AndroidManifest.xml:33:17-82
89            <meta-data
89-->[com.google.firebase:firebase-installations:17.0.1] AndroidManifest.xml:18:13-20:85
90                android:name="com.google.firebase.components:com.google.firebase.installations.FirebaseInstallationsRegistrar"
90-->[com.google.firebase:firebase-installations:17.0.1] AndroidManifest.xml:19:17-127
91                android:value="com.google.firebase.components.ComponentRegistrar" />
91-->[com.google.firebase:firebase-installations:17.0.1] AndroidManifest.xml:20:17-82
92        </service>
93
94        <provider
94-->[com.google.firebase:firebase-common:20.1.1] AndroidManifest.xml:26:9-31:39
95            android:name="com.google.firebase.provider.FirebaseInitProvider"
95-->[com.google.firebase:firebase-common:20.1.1] AndroidManifest.xml:27:13-77
96            android:authorities="com.piero.spiritguardians.firebaseinitprovider"
96-->[com.google.firebase:firebase-common:20.1.1] AndroidManifest.xml:28:13-72
97            android:directBootAware="true"
97-->[com.google.firebase:firebase-common:20.1.1] AndroidManifest.xml:29:13-43
98            android:exported="false"
98-->[com.google.firebase:firebase-common:20.1.1] AndroidManifest.xml:30:13-37
99            android:initOrder="100" />
99-->[com.google.firebase:firebase-common:20.1.1] AndroidManifest.xml:31:13-36
100
101        <receiver
101-->[com.google.android.gms:play-services-measurement:21.0.0] AndroidManifest.xml:29:9-33:20
102            android:name="com.google.android.gms.measurement.AppMeasurementReceiver"
102-->[com.google.android.gms:play-services-measurement:21.0.0] AndroidManifest.xml:30:13-85
103            android:enabled="true"
103-->[com.google.android.gms:play-services-measurement:21.0.0] AndroidManifest.xml:31:13-35
104            android:exported="false" >
104-->[com.google.android.gms:play-services-measurement:21.0.0] AndroidManifest.xml:32:13-37
105        </receiver>
106
107        <service
107-->[com.google.android.gms:play-services-measurement:21.0.0] AndroidManifest.xml:35:9-38:40
108            android:name="com.google.android.gms.measurement.AppMeasurementService"
108-->[com.google.android.gms:play-services-measurement:21.0.0] AndroidManifest.xml:36:13-84
109            android:enabled="true"
109-->[com.google.android.gms:play-services-measurement:21.0.0] AndroidManifest.xml:37:13-35
110            android:exported="false" />
110-->[com.google.android.gms:play-services-measurement:21.0.0] AndroidManifest.xml:38:13-37
111        <service
111-->[com.google.android.gms:play-services-measurement:21.0.0] AndroidManifest.xml:39:9-43:72
112            android:name="com.google.android.gms.measurement.AppMeasurementJobService"
112-->[com.google.android.gms:play-services-measurement:21.0.0] AndroidManifest.xml:40:13-87
113            android:enabled="true"
113-->[com.google.android.gms:play-services-measurement:21.0.0] AndroidManifest.xml:41:13-35
114            android:exported="false"
114-->[com.google.android.gms:play-services-measurement:21.0.0] AndroidManifest.xml:42:13-37
115            android:permission="android.permission.BIND_JOB_SERVICE" />
115-->[com.google.android.gms:play-services-measurement:21.0.0] AndroidManifest.xml:43:13-69
116
117        <activity
117-->[com.google.android.gms:play-services-base:18.0.1] AndroidManifest.xml:20:9-22:45
118            android:name="com.google.android.gms.common.api.GoogleApiActivity"
118-->[com.google.android.gms:play-services-base:18.0.1] AndroidManifest.xml:20:19-85
119            android:exported="false"
119-->[com.google.android.gms:play-services-base:18.0.1] AndroidManifest.xml:22:19-43
120            android:theme="@android:style/Theme.Translucent.NoTitleBar" />
120-->[com.google.android.gms:play-services-base:18.0.1] AndroidManifest.xml:21:19-78
121
122        <meta-data
122-->[com.google.android.gms:play-services-basement:18.0.0] AndroidManifest.xml:21:9-23:69
123            android:name="com.google.android.gms.version"
123-->[com.google.android.gms:play-services-basement:18.0.0] AndroidManifest.xml:22:13-58
124            android:value="@integer/google_play_services_version" />
124-->[com.google.android.gms:play-services-basement:18.0.0] AndroidManifest.xml:23:13-66
125    </application>
126
127</manifest>